2023-03-22 08:34:51,797 [1] INFO Concurs.Repository.UserDBRepository - FindOne item a28b7e15-9551-4b66-ba28-fec6212024ab to the repository.
2023-03-22 08:36:32,399 [1] INFO Concurs.Repository.UserDBRepository - FindOne item a28b7e15-9551-4b66-ba28-fec6212024ab to the repository.
2023-03-22 08:37:55,715 [1] INFO Concurs.Repository.UserDBRepository - FindOne item a28b7e15-9551-4b66-ba28-fec6212024ab to the repository.
2023-03-22 08:37:56,580 [1] INFO Concurs.Repository.UserDBRepository - Found 12 items in the repository.
2023-03-22 08:40:21,004 [1] INFO Concurs.Repository.UserDBRepository - FindOne item a28b7e15-9551-4b66-ba28-fec6212024ab to the repository.
2023-03-22 08:40:21,852 [1] INFO Concurs.Repository.UserDBRepository - Found 12 items in the repository.
2023-03-22 09:08:01,861 [1] INFO Concurs.Repository.UserDBRepository - FindOne item a28b7e15-9551-4b66-ba28-fec6212024ab to the repository.
2023-03-22 09:08:02,916 [1] INFO Concurs.Repository.UserDBRepository - Found 12 items in the repository.
2023-03-24 14:38:15,494 [1] INFO Concurs.Repository.UserDBRepository - FindOne item a28b7e15-9551-4b66-ba28-fec6212024ab to the repository.
2023-03-24 14:38:16,629 [1] INFO Concurs.Repository.UserDBRepository - Found 7 items in the repository.
2023-03-24 15:17:51,019 [1] INFO Concurs.Repository.UserDBRepository - FindOne item a28b7e15-9551-4b66-ba28-fec6212024ab to the repository.
2023-03-24 15:17:51,934 [1] INFO Concurs.Repository.UserDBRepository - Found 7 items in the repository.
2023-03-26 21:50:35,304 [1] INFO Concurs.Repository.UserDBRepository - FindOne item a28b7e15-9551-4b66-ba28-fec6212024ab to the repository.
2023-03-26 21:50:36,219 [1] INFO Concurs.Repository.UserDBRepository - FindOne item a28b7e15-9551-4b66-ba28-fec6212024ab to the repository.
2023-03-26 21:50:36,436 [1] INFO Concurs.Repository.UserDBRepository - FindOne item a28b7e15-9551-4b66-ba28-fec6212024ab to the repository.
2023-03-26 21:50:36,731 [1] INFO Concurs.Repository.UserDBRepository - FindOne item a28b7e15-9551-4b66-ba28-fec6212024ab to the repository.
2023-03-26 21:58:33,547 [1] INFO Concurs.Repository.UserDBRepository - FindOne item a28b7e15-9551-4b66-ba28-fec6212024ab to the repository.
2023-03-26 21:59:13,340 [1] INFO Concurs.Repository.UserDBRepository - FindOne item a28b7e15-9551-4b66-ba28-fec6212024ab to the repository.
2023-03-26 22:20:04,812 [1] INFO Concurs.Repository.UserDBRepository - FindOne item a28b7e15-9551-4b66-ba28-fec6212024ab to the repository.
2023-03-26 22:47:52,145 [1] INFO Concurs.Repository.UserDBRepository - FindOne item a28b7e15-9551-4b66-ba28-fec6212024ab to the repository.
2023-03-26 22:47:52,293 [1] INFO Concurs.Repository.UserDBRepository - Found 9 items in the repository.
2023-03-26 22:49:36,031 [1] INFO Concurs.Repository.UserDBRepository - FindOne item a28b7e15-9551-4b66-ba28-fec6212024ab to the repository.
2023-03-26 22:49:36,093 [1] INFO Concurs.Repository.UserDBRepository - Found 9 items in the repository.
2023-03-26 22:51:01,308 [1] INFO Concurs.Repository.UserDBRepository - FindOne item a28b7e15-9551-4b66-ba28-fec6212024ab to the repository.
2023-03-26 22:51:01,444 [1] INFO Concurs.Repository.UserDBRepository - Found 9 items in the repository.
2023-03-26 22:51:50,005 [1] INFO Concurs.Repository.UserDBRepository - FindOne item a28b7e15-9551-4b66-ba28-fec6212024ab to the repository.
2023-03-26 22:52:57,037 [1] INFO Concurs.Repository.UserDBRepository - FindOne item a28b7e15-9551-4b66-ba28-fec6212024ab to the repository.
2023-03-26 22:59:57,952 [1] INFO Concurs.Repository.UserDBRepository - FindOne item a28b7e15-9551-4b66-ba28-fec6212024ab to the repository.
2023-03-26 22:59:58,097 [1] INFO Concurs.Repository.UserDBRepository - Found 9 items in the repository.
2023-03-26 23:02:22,242 [1] INFO Concurs.Repository.UserDBRepository - FindOne item a28b7e15-9551-4b66-ba28-fec6212024ab to the repository.
2023-03-26 23:02:22,303 [1] INFO Concurs.Repository.UserDBRepository - Found 9 items in the repository.
2023-03-26 23:03:37,866 [1] INFO Concurs.Repository.UserDBRepository - FindOne item a28b7e15-9551-4b66-ba28-fec6212024ab to the repository.
2023-03-26 23:03:38,017 [1] INFO Concurs.Repository.UserDBRepository - Found 9 items in the repository.
2023-03-26 23:04:03,826 [1] INFO Concurs.Repository.UserDBRepository - FindOne item a28b7e15-9551-4b66-ba28-fec6212024ab to the repository.
2023-03-26 23:04:03,957 [1] INFO Concurs.Repository.UserDBRepository - Found 9 items in the repository.
2023-03-26 23:28:28,284 [1] INFO Concurs.Repository.UserDBRepository - FindOne item a28b7e15-9551-4b66-ba28-fec6212024ab to the repository.
2023-03-26 23:28:28,437 [1] INFO Concurs.Repository.UserDBRepository - Found 9 items in the repository.
2023-03-26 23:28:28,448 [1] INFO Concurs.Repository.UserDBRepository - Found 9 items in the repository.
2023-03-26 23:29:53,585 [1] INFO Concurs.Repository.UserDBRepository - FindOne item a28b7e15-9551-4b66-ba28-fec6212024ab to the repository.
2023-03-26 23:29:53,820 [1] INFO Concurs.Repository.UserDBRepository - Found 9 items in the repository.
2023-03-26 23:29:53,841 [1] INFO Concurs.Repository.UserDBRepository - Found 9 items in the repository.
2023-03-26 23:31:18,422 [1] INFO Concurs.Repository.UserDBRepository - FindOne item a28b7e15-9551-4b66-ba28-fec6212024ab to the repository.
2023-03-26 23:31:18,593 [1] INFO Concurs.Repository.UserDBRepository - Found 9 items in the repository.
2023-03-26 23:31:18,597 [1] INFO Concurs.Repository.UserDBRepository - Found 9 items in the repository.
2023-03-26 23:32:41,471 [1] INFO Concurs.Repository.UserDBRepository - FindOne item a28b7e15-9551-4b66-ba28-fec6212024ab to the repository.
2023-03-26 23:32:41,585 [1] INFO Concurs.Repository.UserDBRepository - Found 9 items in the repository.
2023-03-26 23:32:41,598 [1] INFO Concurs.Repository.UserDBRepository - Found 9 items in the repository.
2023-03-26 23:48:44,547 [1] INFO Concurs.Repository.UserDBRepository - FindOne item a28b7e15-9551-4b66-ba28-fec6212024ab to the repository.
2023-03-26 23:48:44,730 [1] INFO Concurs.Repository.UserDBRepository - Found 9 items in the repository.
2023-03-26 23:48:44,733 [1] INFO Concurs.Repository.UserDBRepository - Found 9 items in the repository.
2023-03-26 23:50:22,440 [1] INFO Concurs.Repository.UserDBRepository - FindOne item a28b7e15-9551-4b66-ba28-fec6212024ab to the repository.
2023-03-26 23:50:22,531 [1] INFO Concurs.Repository.UserDBRepository - Found 9 items in the repository.
2023-03-26 23:50:22,534 [1] INFO Concurs.Repository.UserDBRepository - Found 9 items in the repository.
2023-03-26 23:50:57,397 [1] INFO Concurs.Repository.UserDBRepository - FindOne item a28b7e15-9551-4b66-ba28-fec6212024ab to the repository.
2023-03-26 23:50:57,595 [1] INFO Concurs.Repository.UserDBRepository - Found 9 items in the repository.
2023-03-26 23:50:57,608 [1] INFO Concurs.Repository.UserDBRepository - Found 9 items in the repository.
2023-03-26 23:52:00,915 [1] INFO Concurs.Repository.UserDBRepository - FindOne item a28b7e15-9551-4b66-ba28-fec6212024ab to the repository.
2023-03-26 23:52:01,063 [1] INFO Concurs.Repository.UserDBRepository - Found 9 items in the repository.
2023-03-26 23:52:01,078 [1] INFO Concurs.Repository.UserDBRepository - Found 9 items in the repository.
2023-03-26 23:53:35,342 [1] INFO Concurs.Repository.UserDBRepository - FindOne item a28b7e15-9551-4b66-ba28-fec6212024ab to the repository.
2023-03-26 23:53:35,424 [1] INFO Concurs.Repository.UserDBRepository - Found 9 items in the repository.
2023-03-26 23:53:35,426 [1] INFO Concurs.Repository.UserDBRepository - Found 9 items in the repository.
2023-03-26 23:53:43,550 [1] INFO Concurs.Repository.UserDBRepository - Added item f8680a3d-9ab7-4777-94d4-28040dd67202 to the repository.
2023-03-26 23:54:21,090 [1] INFO Concurs.Repository.UserDBRepository - FindOne item a28b7e15-9551-4b66-ba28-fec6212024ab to the repository.
2023-03-26 23:54:21,161 [1] INFO Concurs.Repository.UserDBRepository - Found 9 items in the repository.
2023-03-26 23:54:21,164 [1] INFO Concurs.Repository.UserDBRepository - Found 9 items in the repository.
2023-03-26 23:54:29,687 [1] INFO Concurs.Repository.UserDBRepository - Added item 2316303d-4ad2-4a91-b639-3bb2bf48d80a to the repository.
2023-03-26 23:55:38,930 [1] INFO Concurs.Repository.UserDBRepository - FindOne item a28b7e15-9551-4b66-ba28-fec6212024ab to the repository.
2023-03-26 23:55:39,012 [1] INFO Concurs.Repository.UserDBRepository - Found 9 items in the repository.
2023-03-26 23:55:39,014 [1] INFO Concurs.Repository.UserDBRepository - Found 9 items in the repository.
2023-03-26 23:55:47,520 [1] INFO Concurs.Repository.UserDBRepository - Added item ab8ee748-c85d-4a36-85ab-1283a017a3f5 to the repository.
2023-03-26 23:57:16,289 [1] INFO Concurs.Repository.UserDBRepository - FindOne item a28b7e15-9551-4b66-ba28-fec6212024ab to the repository.
2023-03-26 23:57:16,425 [1] INFO Concurs.Repository.UserDBRepository - Found 9 items in the repository.
2023-03-26 23:57:16,433 [1] INFO Concurs.Repository.UserDBRepository - Found 9 items in the repository.
2023-03-26 23:57:22,089 [1] INFO Concurs.Repository.UserDBRepository - Added item d60299ab-2212-4cb4-b2f6-5ca5cc202352 to the repository.
2023-03-26 23:58:23,020 [1] INFO Concurs.Repository.UserDBRepository - FindOne item a28b7e15-9551-4b66-ba28-fec6212024ab to the repository.
2023-03-26 23:58:23,083 [1] INFO Concurs.Repository.UserDBRepository - Found 9 items in the repository.
2023-03-26 23:58:23,085 [1] INFO Concurs.Repository.UserDBRepository - Found 9 items in the repository.
2023-03-26 23:58:32,227 [1] INFO Concurs.Repository.UserDBRepository - Added item ebe9fa63-35d9-4d3c-9bc4-c7e5d4719d6e to the repository.
2023-03-26 23:59:11,926 [1] INFO Concurs.Repository.UserDBRepository - FindOne item a28b7e15-9551-4b66-ba28-fec6212024ab to the repository.
2023-03-26 23:59:12,051 [1] INFO Concurs.Repository.UserDBRepository - Found 9 items in the repository.
2023-03-26 23:59:12,082 [1] INFO Concurs.Repository.UserDBRepository - Found 9 items in the repository.
2023-03-26 23:59:32,831 [1] INFO Concurs.Repository.UserDBRepository - Added item 0bef5849-d544-4ff3-8009-4f2fd2365330 to the repository.
2023-03-26 23:59:55,767 [1] INFO Concurs.Repository.UserDBRepository - FindOne item a28b7e15-9551-4b66-ba28-fec6212024ab to the repository.
2023-03-26 23:59:55,918 [1] INFO Concurs.Repository.UserDBRepository - Found 9 items in the repository.
2023-03-26 23:59:55,922 [1] INFO Concurs.Repository.UserDBRepository - Found 9 items in the repository.
2023-03-27 00:00:00,497 [1] INFO Concurs.Repository.UserDBRepository - Added item 9a0d0d35-087c-42c2-b15b-bc3b010b1f6b to the repository.
2023-03-27 00:01:05,247 [1] INFO Concurs.Repository.UserDBRepository - FindOne item a28b7e15-9551-4b66-ba28-fec6212024ab to the repository.
2023-03-27 00:01:05,348 [1] INFO Concurs.Repository.UserDBRepository - Found 9 items in the repository.
2023-03-27 00:01:05,352 [1] INFO Concurs.Repository.UserDBRepository - Found 9 items in the repository.
2023-03-27 00:01:18,872 [1] INFO Concurs.Repository.UserDBRepository - Added item 5f3b4b04-8a9b-43d3-8e2c-4e6c35bc9932 to the repository.
2023-03-27 00:01:18,873 [1] INFO Concurs.Repository.UserDBRepository - FindOne item a28b7e15-9551-4b66-ba28-fec6212054ab to the repository.
2023-03-27 00:01:18,874 [1] INFO Concurs.Repository.UserDBRepository - Added item 813af928-17f9-469a-b5cd-e338dd79e9df to the repository.
2023-03-27 00:02:14,757 [1] INFO Concurs.Repository.UserDBRepository - FindOne item a28b7e15-9551-4b66-ba28-fec6212024ab to the repository.
2023-03-27 00:02:14,863 [1] INFO Concurs.Repository.UserDBRepository - Found 9 items in the repository.
2023-03-27 00:02:14,875 [1] INFO Concurs.Repository.UserDBRepository - Found 9 items in the repository.
2023-03-27 00:02:22,563 [1] INFO Concurs.Repository.UserDBRepository - Added item 70eeb4ec-d113-4f7b-be40-b6b3cde01508 to the repository.
2023-03-27 00:02:22,565 [1] INFO Concurs.Repository.UserDBRepository - FindOne item a28b7e15-9551-4b66-ba28-fec6212024ab to the repository.
2023-03-27 00:02:22,566 [1] INFO Concurs.Repository.UserDBRepository - Added item d6cd0e27-16da-4d8e-800e-9edcf87e3d11 to the repository.
2023-03-27 00:04:38,739 [1] INFO Concurs.Repository.UserDBRepository - FindOne item a28b7e15-9551-4b66-ba28-fec6212024ab to the repository.
2023-03-27 00:04:38,856 [1] INFO Concurs.Repository.UserDBRepository - Found 9 items in the repository.
2023-03-27 00:04:38,863 [1] INFO Concurs.Repository.UserDBRepository - Found 9 items in the repository.
2023-03-27 00:04:46,970 [1] INFO Concurs.Repository.UserDBRepository - Added item c75cfe26-9e7f-4daa-8429-efdc2e528dc9 to the repository.
2023-03-27 00:04:46,972 [1] INFO Concurs.Repository.UserDBRepository - FindOne item a28b7e15-9551-4b66-ba28-fec6212054ab to the repository.
2023-03-27 00:04:46,973 [1] INFO Concurs.Repository.UserDBRepository - Added item 6a3413a9-1841-41da-ab53-97420a8bf834 to the repository.
2023-03-27 00:04:46,975 [1] INFO Concurs.Repository.UserDBRepository - FindOne item a28b7e15-9551-4b66-ba28-fec6212054ab to the repository.
2023-03-27 00:06:16,173 [1] INFO Concurs.Repository.UserDBRepository - FindOne item a28b7e15-9551-4b66-ba28-fec6212024ab to the repository.
2023-03-27 00:06:16,255 [1] INFO Concurs.Repository.UserDBRepository - Found 9 items in the repository.
2023-03-27 00:06:16,257 [1] INFO Concurs.Repository.UserDBRepository - Found 9 items in the repository.
2023-03-27 00:06:24,440 [1] INFO Concurs.Repository.UserDBRepository - Added item 4585c9d4-d36b-4dc3-baf1-09f26e24af00 to the repository.
2023-03-27 00:06:24,441 [1] INFO Concurs.Repository.UserDBRepository - FindOne item a28b7e15-9551-4b66-ba28-fec6212054ab to the repository.
2023-03-27 00:06:24,442 [1] INFO Concurs.Repository.UserDBRepository - Added item 1abd2ce5-84bb-458d-b398-310b625a372c to the repository.
2023-03-27 00:06:24,443 [1] INFO Concurs.Repository.UserDBRepository - FindOne item a28b7e15-9551-4b66-ba28-fec6212054ab to the repository.
2023-03-27 00:09:24,868 [1] INFO Concurs.Repository.UserDBRepository - FindOne item a28b7e15-9551-4b66-ba28-fec6212024ab to the repository.
2023-03-27 00:09:25,030 [1] INFO Concurs.Repository.UserDBRepository - Found 9 items in the repository.
2023-03-27 00:09:25,033 [1] INFO Concurs.Repository.UserDBRepository - Found 9 items in the repository.
2023-03-27 00:09:32,439 [1] INFO Concurs.Repository.UserDBRepository - Added item e969c34b-5a1d-41ec-b87e-53c4e4de58a0 to the repository.
2023-03-27 00:09:32,440 [1] INFO Concurs.Repository.UserDBRepository - FindOne item a28b7e15-9551-4b66-ba28-fec6212084ab to the repository.
2023-03-27 00:09:32,441 [1] INFO Concurs.Repository.UserDBRepository - Added item 41a8c4b0-14b2-470b-bf41-beba195b766c to the repository.
2023-03-27 00:09:32,443 [1] INFO Concurs.Repository.UserDBRepository - FindOne item a28b7e15-9551-4b66-ba28-fec6212084ab to the repository.
2023-03-27 00:09:32,444 [1] INFO Concurs.Repository.UserDBRepository - Found 9 items in the repository.
2023-03-27 00:09:46,657 [1] INFO Concurs.Repository.UserDBRepository - Added item 51df0e7a-e73a-436d-a8ca-ce06b0c79af9 to the repository.
2023-03-27 00:09:46,658 [1] INFO Concurs.Repository.UserDBRepository - FindOne item a28b7e15-9551-4b66-ba28-fec6212014ab to the repository.
2023-03-27 00:09:46,660 [1] INFO Concurs.Repository.UserDBRepository - Added item 5fc51d98-eab6-46a2-bfb3-3fb35b3fe31b to the repository.
2023-03-27 00:09:46,662 [1] INFO Concurs.Repository.UserDBRepository - FindOne item a28b7e15-9551-4b66-ba28-fec6212014ab to the repository.
2023-03-27 00:09:46,663 [1] INFO Concurs.Repository.UserDBRepository - Found 9 items in the repository.
2023-03-27 00:11:54,160 [1] INFO Concurs.Repository.UserDBRepository - FindOne item a28b7e15-9551-4b66-ba28-fec6212024ab to the repository.
2023-03-27 00:11:54,244 [1] INFO Concurs.Repository.UserDBRepository - Found 9 items in the repository.
2023-03-27 00:11:54,247 [1] INFO Concurs.Repository.UserDBRepository - Found 9 items in the repository.
2023-03-27 00:12:03,967 [1] INFO Concurs.Repository.UserDBRepository - Added item 40256cd1-99bf-48af-8648-0243461778af to the repository.
2023-03-27 00:12:03,968 [1] INFO Concurs.Repository.UserDBRepository - Found 9 items in the repository.
2023-03-27 00:12:57,613 [1] INFO Concurs.Repository.UserDBRepository - FindOne item a28b7e15-9551-4b66-ba28-fec6212024ab to the repository.
2023-03-27 00:12:57,689 [1] INFO Concurs.Repository.UserDBRepository - Found 9 items in the repository.
2023-03-27 00:12:57,692 [1] INFO Concurs.Repository.UserDBRepository - Found 9 items in the repository.
2023-03-27 00:14:28,719 [1] INFO Concurs.Repository.UserDBRepository - FindOne item a28b7e15-9551-4b66-ba28-fec6212024ab to the repository.
2023-03-27 00:14:28,878 [1] INFO Concurs.Repository.UserDBRepository - Found 9 items in the repository.
2023-03-27 00:14:28,881 [1] INFO Concurs.Repository.UserDBRepository - Found 9 items in the repository.
2023-03-27 00:14:34,030 [1] INFO Concurs.Repository.UserDBRepository - Added item cd8c482d-f730-423e-9230-81f23371fc1d to the repository.
2023-03-27 00:14:37,560 [1] INFO Concurs.Repository.UserDBRepository - Added item 961caf0e-8724-4dcb-8708-1c84aba56a7d to the repository.
2023-03-27 00:14:38,253 [1] INFO Concurs.Repository.UserDBRepository - Added item eab5ae8c-e0be-4972-9517-778dac29e62f to the repository.
2023-03-27 00:14:38,652 [1] INFO Concurs.Repository.UserDBRepository - Added item 5ab1b4bc-3bb6-4587-9b41-58d7eef0a24f to the repository.
2023-03-27 00:14:38,788 [1] INFO Concurs.Repository.UserDBRepository - Added item cfa29550-b0c9-4a4e-8dba-e94bb61560ea to the repository.
2023-03-27 00:14:38,937 [1] INFO Concurs.Repository.UserDBRepository - Added item 9d924348-c5b9-4e57-bed7-352be376b67d to the repository.
2023-03-27 00:14:39,079 [1] INFO Concurs.Repository.UserDBRepository - Added item efbc812d-b88f-4265-b7b0-e231d6661fc5 to the repository.
2023-03-27 00:14:39,187 [1] INFO Concurs.Repository.UserDBRepository - Added item b3f3a827-3cc1-45bc-b24a-d93d5231509c to the repository.
2023-03-27 00:14:39,438 [1] INFO Concurs.Repository.UserDBRepository - Added item c92ea19c-1e72-4653-8fe0-aeccdb281278 to the repository.
2023-03-27 00:14:39,581 [1] INFO Concurs.Repository.UserDBRepository - Added item 240384b0-9089-4d53-8a71-c912c225154b to the repository.
2023-03-27 00:14:39,721 [1] INFO Concurs.Repository.UserDBRepository - Added item 1cd2cae7-ae28-49cb-aa77-6ad64a58e81c to the repository.
2023-03-27 00:14:39,980 [1] INFO Concurs.Repository.UserDBRepository - Added item 595e320e-8613-41fa-928c-12996521c30e to the repository.
2023-03-27 00:14:40,112 [1] INFO Concurs.Repository.UserDBRepository - Added item c04c2b64-559a-4168-8a9d-5a19e0641781 to the repository.
2023-03-27 00:14:40,251 [1] INFO Concurs.Repository.UserDBRepository - Added item 0ae6c328-811e-4acf-adf0-0ac3075f7d38 to the repository.
2023-03-27 00:14:40,401 [1] INFO Concurs.Repository.UserDBRepository - Added item 275a6bf7-60d3-4837-8792-2b5e61c72e48 to the repository.
2023-03-27 00:14:40,520 [1] INFO Concurs.Repository.UserDBRepository - Added item 943cc670-58fc-44f0-bcd8-c6624279af04 to the repository.
2023-03-27 00:14:40,664 [1] INFO Concurs.Repository.UserDBRepository - Added item 133b1eed-0cb1-4403-b6af-5e0fc88930a2 to the repository.
2023-03-27 00:14:40,796 [1] INFO Concurs.Repository.UserDBRepository - Added item cb718a9d-81bc-4aaa-bdd4-96edb2a49cdc to the repository.
2023-03-27 00:14:40,936 [1] INFO Concurs.Repository.UserDBRepository - Added item e50ece77-722c-4344-8a33-0e0b0e92e1b5 to the repository.
2023-03-27 00:14:41,088 [1] INFO Concurs.Repository.UserDBRepository - Added item ae8cc34a-bf4f-4405-af5d-7d9aadcf200f to the repository.
2023-03-27 00:14:41,202 [1] INFO Concurs.Repository.UserDBRepository - Added item 2c032e78-4e20-4a31-9ed2-bcc16b0a47f2 to the repository.
2023-03-27 00:14:41,369 [1] INFO Concurs.Repository.UserDBRepository - Added item af5ed918-a09d-4f10-a5cc-fd1658c9b0aa to the repository.
2023-03-27 00:14:41,523 [1] INFO Concurs.Repository.UserDBRepository - Added item 8ddd32df-f705-4c82-90db-4117c33b4efd to the repository.
2023-03-27 00:14:41,775 [1] INFO Concurs.Repository.UserDBRepository - Added item 9abb632e-4794-4ba9-a1be-d87e0fc32db7 to the repository.
2023-03-27 00:14:41,926 [1] INFO Concurs.Repository.UserDBRepository - Added item 50885210-f81e-4c66-83e1-00d66ee6daf0 to the repository.
2023-03-27 00:17:12,084 [1] INFO Concurs.Repository.UserDBRepository - FindOne item a28b7e15-9551-4b66-ba28-fec6212024ab to the repository.
2023-03-27 00:17:12,096 [1] INFO Concurs.Repository.UserDBRepository - Added item 212672bd-ccdf-47a5-8c8f-914b3a1978ca to the repository.
2023-03-27 00:17:12,177 [1] INFO Concurs.Repository.UserDBRepository - Found 9 items in the repository.
2023-03-27 00:17:12,184 [1] INFO Concurs.Repository.UserDBRepository - Found 9 items in the repository.
2023-03-27 00:23:57,730 [1] INFO Concurs.Repository.UserDBRepository - FindOne item a28b7e15-9551-4b66-ba28-fec6212024ab to the repository.
2023-03-27 00:23:57,747 [1] INFO Concurs.Repository.UserDBRepository - Added item 6c65bda0-1903-4839-a1a9-e0166499819a to the repository.
2023-03-27 00:23:57,924 [1] INFO Concurs.Repository.UserDBRepository - Found 9 items in the repository.
2023-03-27 00:23:57,932 [1] INFO Concurs.Repository.UserDBRepository - Found 9 items in the repository.
2023-03-27 00:24:09,498 [1] INFO Concurs.Repository.UserDBRepository - Added item b0dac841-4226-4c79-8e45-b13fd567c054 to the repository.
2023-03-27 00:26:28,738 [1] INFO Concurs.Repository.UserDBRepository - FindOne item a28b7e15-9551-4b66-ba28-fec6212024ab to the repository.
2023-03-27 00:26:28,752 [1] INFO Concurs.Repository.UserDBRepository - Added item f79dcfb0-5274-4bf0-9dab-f35073456e4b to the repository.
2023-03-27 00:26:28,831 [1] INFO Concurs.Repository.UserDBRepository - Found 9 items in the repository.
2023-03-27 00:26:28,837 [1] INFO Concurs.Repository.UserDBRepository - Found 9 items in the repository.
2023-03-27 00:26:36,187 [1] INFO Concurs.Repository.UserDBRepository - Added item 15353349-762f-41e5-a963-358a7863d473 to the repository.
2023-03-27 00:28:27,539 [1] INFO Concurs.Repository.UserDBRepository - FindOne item a28b7e15-9551-4b66-ba28-fec6212024ab to the repository.
2023-03-27 00:28:27,554 [1] INFO Concurs.Repository.UserDBRepository - Added item 60a4abe2-f422-4b7f-9c4f-e54d29d28cd4 to the repository.
2023-03-27 00:28:27,662 [1] INFO Concurs.Repository.UserDBRepository - Found 9 items in the repository.
2023-03-27 00:28:27,669 [1] INFO Concurs.Repository.UserDBRepository - Found 9 items in the repository.
2023-03-27 00:28:32,530 [1] INFO Concurs.Repository.UserDBRepository - Added item b3365347-f6a9-484a-877c-00562e926b2e to the repository.
2023-03-27 00:47:24,933 [1] INFO Concurs.Repository.UserDBRepository - FindOne item a28b7e15-9551-4b66-ba28-fec6212024ab to the repository.
2023-03-27 00:47:24,964 [1] INFO Concurs.Repository.UserDBRepository - Added item 0605aa33-ed6c-4343-aabc-f018a1dba48c to the repository.
2023-03-27 00:47:25,097 [1] INFO Concurs.Repository.UserDBRepository - Found 9 items in the repository.
2023-03-27 00:47:25,110 [1] INFO Concurs.Repository.UserDBRepository - Found 9 items in the repository.
2023-03-27 00:47:32,146 [1] INFO Concurs.Repository.UserDBRepository - Added item 8683b9c6-bdc5-4135-be59-a9c6614bd818 to the repository.
2023-03-27 00:54:08,124 [1] INFO Concurs.Repository.UserDBRepository - FindOne item a28b7e15-9551-4b66-ba28-fec6212024ab to the repository.
2023-03-27 00:54:08,139 [1] INFO Concurs.Repository.UserDBRepository - Added item 63cf7f50-6e71-453b-a682-a8cd583ae189 to the repository.
2023-03-27 00:54:08,241 [1] INFO Concurs.Repository.UserDBRepository - Found 9 items in the repository.
2023-03-27 00:54:08,244 [1] INFO Concurs.Repository.UserDBRepository - Found 9 items in the repository.
2023-03-27 00:54:14,082 [1] INFO Concurs.Repository.UserDBRepository - Added item e3278bd9-74f4-4df4-a8b3-1e6f4bdc75ef to the repository.
2023-03-27 01:01:24,909 [1] INFO Concurs.Repository.UserDBRepository - FindOne item a28b7e15-9551-4b66-ba28-fec6212024ab to the repository.
2023-03-27 01:01:24,922 [1] INFO Concurs.Repository.UserDBRepository - Added item f9cec343-8670-459c-83f6-ffc8c788909d to the repository.
2023-03-27 01:01:24,969 [1] INFO Concurs.Repository.UserDBRepository - Found 9 items in the repository.
2023-03-27 01:01:24,977 [1] INFO Concurs.Repository.UserDBRepository - Found 9 items in the repository.
2023-03-27 01:02:07,305 [1] INFO Concurs.Repository.UserDBRepository - FindOne item a28b7e15-9551-4b66-ba28-fec6212024ab to the repository.
2023-03-27 01:02:07,313 [1] INFO Concurs.Repository.UserDBRepository - Added item c9990920-01c3-4e1f-8565-987b3f560908 to the repository.
2023-03-27 01:02:07,338 [1] INFO Concurs.Repository.UserDBRepository - Found 9 items in the repository.
2023-03-27 01:02:07,340 [1] INFO Concurs.Repository.UserDBRepository - Found 9 items in the repository.
2023-03-27 01:02:32,189 [1] INFO Concurs.Repository.UserDBRepository - FindOne item a28b7e15-9551-4b66-ba28-fec6212024ab to the repository.
2023-03-27 01:02:32,197 [1] INFO Concurs.Repository.UserDBRepository - Added item 7d3cf6db-5217-42b3-be60-f56e6240cc56 to the repository.
2023-03-27 01:02:32,220 [1] INFO Concurs.Repository.UserDBRepository - Found 9 items in the repository.
2023-03-27 01:02:32,222 [1] INFO Concurs.Repository.UserDBRepository - Found 9 items in the repository.
2023-03-27 01:02:38,577 [1] INFO Concurs.Repository.UserDBRepository - Added item a4718ac9-7e0d-431e-98c7-4b4203327811 to the repository.
2023-03-27 01:04:42,408 [1] INFO Concurs.Repository.UserDBRepository - FindOne item a28b7e15-9551-4b66-ba28-fec6212024ab to the repository.
2023-03-27 01:04:42,416 [1] INFO Concurs.Repository.UserDBRepository - Added item e85ccc01-645f-4a2d-846e-b70aa47271d8 to the repository.
2023-03-27 01:04:42,452 [1] INFO Concurs.Repository.UserDBRepository - Found 9 items in the repository.
2023-03-27 01:04:42,454 [1] INFO Concurs.Repository.UserDBRepository - Found 9 items in the repository.
2023-03-27 01:06:15,683 [1] INFO Concurs.Repository.UserDBRepository - FindOne item a28b7e15-9551-4b66-ba28-fec6212024ab to the repository.
2023-03-27 01:06:15,692 [1] INFO Concurs.Repository.UserDBRepository - Added item a77814fe-0d92-420a-b5d9-cd2fb46d41cc to the repository.
2023-03-27 01:06:15,725 [1] INFO Concurs.Repository.UserDBRepository - Found 9 items in the repository.
2023-03-27 01:06:15,727 [1] INFO Concurs.Repository.UserDBRepository - Found 9 items in the repository.
2023-03-27 01:06:23,050 [1] INFO Concurs.Repository.UserDBRepository - Added item 53541bc4-5c1a-4040-8634-3ea50c381475 to the repository.
2023-03-27 01:07:16,525 [1] INFO Concurs.Repository.UserDBRepository - FindOne item a28b7e15-9551-4b66-ba28-fec6212024ab to the repository.
2023-03-27 01:07:16,533 [1] INFO Concurs.Repository.UserDBRepository - Added item 7371e26f-ad67-47b9-bf62-7474c3a2da9c to the repository.
2023-03-27 01:07:16,563 [1] INFO Concurs.Repository.UserDBRepository - Found 9 items in the repository.
2023-03-27 01:07:16,565 [1] INFO Concurs.Repository.UserDBRepository - Found 9 items in the repository.
2023-03-27 01:07:24,338 [1] INFO Concurs.Repository.UserDBRepository - Added item 3379ce13-37eb-4aa0-9b55-9096640293f5 to the repository.
2023-03-27 01:07:24,343 [1] INFO Concurs.Repository.UserDBRepository - FindOne item ?y3?7?J?U??d?? to the repository.
2023-03-27 01:09:50,453 [1] INFO Concurs.Repository.UserDBRepository - FindOne item a28b7e15-9551-4b66-ba28-fec6212024ab to the repository.
2023-03-27 01:09:50,461 [1] INFO Concurs.Repository.UserDBRepository - Added item bc4b9bc5-63d1-410d-b3ef-38f9e8874ed7 to the repository.
2023-03-27 01:09:50,493 [1] INFO Concurs.Repository.UserDBRepository - Found 9 items in the repository.
2023-03-27 01:09:50,496 [1] INFO Concurs.Repository.UserDBRepository - Found 9 items in the repository.
2023-03-27 01:09:59,116 [1] INFO Concurs.Repository.UserDBRepository - Added item d3048a26-4ebc-418b-bbfc-516519fe2986 to the repository.
2023-03-27 01:09:59,121 [1] INFO Concurs.Repository.UserDBRepository - FindOne item &??N?A??Qe?)? to the repository.
2023-03-27 01:10:31,680 [1] INFO Concurs.Repository.UserDBRepository - FindOne item a28b7e15-9551-4b66-ba28-fec6212024ab to the repository.
2023-03-27 01:10:31,688 [1] INFO Concurs.Repository.UserDBRepository - Added item 43f2d172-6cff-4da6-9765-1f30aed0fb0a to the repository.
2023-03-27 01:10:31,718 [1] INFO Concurs.Repository.UserDBRepository - Found 9 items in the repository.
2023-03-27 01:10:31,720 [1] INFO Concurs.Repository.UserDBRepository - Found 9 items in the repository.
2023-03-27 01:10:38,590 [1] INFO Concurs.Repository.UserDBRepository - Added item 24df23f8-d9bf-4256-befd-e110ab6bfe13 to the repository.
2023-03-27 01:10:38,595 [1] INFO Concurs.Repository.UserDBRepository - FindOne item 24df23f8-d9bf-4256-befd-e110ab6bfe13 to the repository.
2023-03-27 01:16:20,085 [1] INFO Concurs.Repository.UserDBRepository - FindOne item a28b7e15-9551-4b66-ba28-fec6212024ab to the repository.
2023-03-27 01:16:20,095 [1] INFO Concurs.Repository.UserDBRepository - Added item 9f809fa9-0766-41a5-b0fd-6c89054fbd13 to the repository.
2023-03-27 01:16:20,139 [1] INFO Concurs.Repository.UserDBRepository - Found 9 items in the repository.
2023-03-27 01:16:20,141 [1] INFO Concurs.Repository.UserDBRepository - Found 9 items in the repository.
2023-03-27 01:16:32,419 [1] INFO Concurs.Repository.UserDBRepository - Added item 2d7dbaa0-540f-41f0-b81d-b02a168b8288 to the repository.
2023-03-27 01:16:32,430 [1] INFO Concurs.Repository.UserDBRepository - FindOne item a28b7e15-9551-4b66-ba28-fec6212084ab to the repository.
2023-03-27 01:16:32,431 [1] INFO Concurs.Repository.UserDBRepository - Added item 4fa0cfb2-3e17-4a14-b459-0c25ae7919bd to the repository.
2023-03-27 01:16:32,432 [1] INFO Concurs.Repository.UserDBRepository - FindOne item a28b7e15-9551-4b66-ba28-fec6212084ab to the repository.
2023-03-27 01:16:35,288 [1] INFO Concurs.Repository.UserDBRepository - FindOne item 2d7dbaa0-540f-41f0-b81d-b02a168b8288 to the repository.
2023-03-27 01:16:35,288 [1] INFO Concurs.Repository.UserDBRepository - ParticipationCountChild fount 0 children repository.
2023-03-27 01:16:35,289 [1] INFO Concurs.Repository.UserDBRepository - FindOne item a28b7e15-9551-4b66-ba28-fec6212024ab to the repository.
2023-03-27 01:16:35,289 [1] INFO Concurs.Repository.UserDBRepository - Added item 53c1363b-3394-487f-97c6-a9161be4c396 to the repository.
2023-03-27 01:16:35,289 [1] INFO Concurs.Repository.UserDBRepository - FindOne item a28b7e15-9551-4b66-ba28-fec6212024ab to the repository.
2023-03-27 01:16:37,695 [1] INFO Concurs.Repository.UserDBRepository - FindOne item 2d7dbaa0-540f-41f0-b81d-b02a168b8288 to the repository.
2023-03-27 01:16:37,695 [1] INFO Concurs.Repository.UserDBRepository - ParticipationCountChild fount 0 children repository.
2023-03-27 01:16:37,695 [1] INFO Concurs.Repository.UserDBRepository - FindOne item a28b7e15-9551-4b66-ba28-fec6212054ab to the repository.
2023-03-27 01:16:37,696 [1] INFO Concurs.Repository.UserDBRepository - Added item e0803311-4459-4595-bf3b-438a64adad0b to the repository.
2023-03-27 01:16:37,696 [1] INFO Concurs.Repository.UserDBRepository - FindOne item a28b7e15-9551-4b66-ba28-fec6212054ab to the repository.
2023-03-27 01:17:47,742 [1] INFO Concurs.Repository.UserDBRepository - FindOne item 2d7dbaa0-540f-41f0-b81d-b02a168b8288 to the repository.
2023-03-27 01:17:47,742 [1] INFO Concurs.Repository.UserDBRepository - ParticipationCountChild fount 0 children repository.
2023-03-27 01:17:47,743 [1] INFO Concurs.Repository.UserDBRepository - FindOne item a28b7e15-9551-4b66-ba28-fec6212054ab to the repository.
2023-03-27 01:17:47,743 [1] INFO Concurs.Repository.UserDBRepository - Added item 04eba6d1-6258-418a-abad-0f5a819b0c63 to the repository.
2023-03-27 01:17:47,744 [1] INFO Concurs.Repository.UserDBRepository - FindOne item a28b7e15-9551-4b66-ba28-fec6212054ab to the repository.
2023-03-27 01:18:01,075 [1] INFO Concurs.Repository.UserDBRepository - FindOne item 2d7dbaa0-540f-41f0-b81d-b02a168b8288 to the repository.
2023-03-27 01:18:01,075 [1] INFO Concurs.Repository.UserDBRepository - ParticipationCountChild fount 0 children repository.
2023-03-27 01:18:01,076 [1] INFO Concurs.Repository.UserDBRepository - FindOne item a28b7e15-9551-4b66-ba28-fec6212084ab to the repository.
2023-03-27 01:18:01,076 [1] INFO Concurs.Repository.UserDBRepository - Added item a7d6ebb2-2aea-4687-bc25-a81526501e20 to the repository.
2023-03-27 01:18:01,076 [1] INFO Concurs.Repository.UserDBRepository - FindOne item a28b7e15-9551-4b66-ba28-fec6212084ab to the repository.
2023-03-27 01:19:56,411 [1] INFO Concurs.Repository.UserDBRepository - FindOne item a28b7e15-9551-4b66-ba28-fec6212024ab to the repository.
2023-03-27 01:19:56,420 [1] INFO Concurs.Repository.UserDBRepository - Added item 7deeb7a8-2957-420a-83c6-c532d2d89d78 to the repository.
2023-03-27 01:19:56,457 [1] INFO Concurs.Repository.UserDBRepository - Found 9 items in the repository.
2023-03-27 01:19:56,459 [1] INFO Concurs.Repository.UserDBRepository - Found 9 items in the repository.
2023-03-27 01:21:13,404 [1] INFO Concurs.Repository.UserDBRepository - FindOne item a28b7e15-9551-4b66-ba28-fec6212024ab to the repository.
2023-03-27 01:21:13,411 [1] INFO Concurs.Repository.UserDBRepository - Added item 4297431c-6be3-450c-a9f5-86cfbc6e3ba6 to the repository.
2023-03-27 01:21:13,442 [1] INFO Concurs.Repository.UserDBRepository - Found 9 items in the repository.
2023-03-27 01:21:13,444 [1] INFO Concurs.Repository.UserDBRepository - Found 9 items in the repository.
2023-03-27 01:21:21,782 [1] INFO Concurs.Repository.UserDBRepository - Added item 80e2fd13-2b9b-4141-8c58-ea2950377e43 to the repository.
2023-03-27 01:21:21,786 [1] INFO Concurs.Repository.UserDBRepository - FindOne item a28b7e15-9551-4b66-ba28-fec6212024ab to the repository.
2023-03-27 01:21:21,787 [1] INFO Concurs.Repository.UserDBRepository - Added item fe9676eb-f5d4-4da5-94d0-2f63461cf226 to the repository.
2023-03-27 01:21:21,788 [1] INFO Concurs.Repository.UserDBRepository - FindOne item a28b7e15-9551-4b66-ba28-fec6212024ab to the repository.
2023-03-27 01:21:45,763 [1] INFO Concurs.Repository.UserDBRepository - Added item ded61c34-70b7-433a-8393-48cd9ccf2a15 to the repository.
2023-03-27 01:21:45,767 [1] INFO Concurs.Repository.UserDBRepository - FindOne item a28b7e15-9551-4b66-ba28-fec6212014ab to the repository.
2023-03-27 01:21:45,767 [1] INFO Concurs.Repository.UserDBRepository - Added item 19718f45-0fc4-4af6-b4aa-a6a6183cfcef to the repository.
2023-03-27 01:21:45,768 [1] INFO Concurs.Repository.UserDBRepository - FindOne item a28b7e15-9551-4b66-ba28-fec6212014ab to the repository.
2023-03-27 01:22:15,268 [1] INFO Concurs.Repository.UserDBRepository - FindOne item a28b7e15-9551-4b66-ba28-fec6212024ab to the repository.
2023-03-27 01:22:15,276 [1] INFO Concurs.Repository.UserDBRepository - Added item 8cb6d413-caf5-45b5-8b0f-b2ed4956717f to the repository.
2023-03-27 01:22:15,309 [1] INFO Concurs.Repository.UserDBRepository - Found 9 items in the repository.
2023-03-27 01:22:15,311 [1] INFO Concurs.Repository.UserDBRepository - Found 9 items in the repository.
2023-03-27 01:22:22,958 [1] INFO Concurs.Repository.UserDBRepository - Added item 8fd9ac12-b008-464f-bc65-c963628565e0 to the repository.
2023-03-27 01:22:35,873 [1] INFO Concurs.Repository.UserDBRepository - FindOne item a28b7e15-9551-4b66-ba28-fec6212014ab to the repository.
2023-03-27 01:23:34,985 [1] INFO Concurs.Repository.UserDBRepository - Added item 9ab6d7bf-5ea4-4435-8542-a5dbeab9ab86 to the repository.
2023-03-27 01:24:45,732 [1] INFO Concurs.Repository.UserDBRepository - FindOne item a28b7e15-9551-4b66-ba28-fec6212024ab to the repository.
2023-03-27 01:24:45,740 [1] INFO Concurs.Repository.UserDBRepository - Added item 2128e7f1-2386-492c-8802-3663975fb550 to the repository.
2023-03-27 01:24:45,766 [1] INFO Concurs.Repository.UserDBRepository - Found 9 items in the repository.
2023-03-27 01:24:45,768 [1] INFO Concurs.Repository.UserDBRepository - Found 9 items in the repository.
2023-03-27 01:24:52,230 [1] INFO Concurs.Repository.UserDBRepository - Added item 7d544020-b236-4486-85ad-00ee2ff9c765 to the repository.
2023-03-27 01:24:59,311 [1] INFO Concurs.Repository.UserDBRepository - FindOne item a28b7e15-9551-4b66-ba28-fec6212014ab to the repository.
2023-03-27 01:24:59,319 [1] INFO Concurs.Repository.UserDBRepository - Added item ceaef6e1-449b-4e45-b277-eaa92725197e to the repository.
2023-03-27 01:24:59,324 [1] INFO Concurs.Repository.UserDBRepository - FindOne item a28b7e15-9551-4b66-ba28-fec6212014ab to the repository.
2023-03-27 01:25:01,817 [1] INFO Concurs.Repository.UserDBRepository - FindOne item 7d544020-b236-4486-85ad-00ee2ff9c765 to the repository.
2023-03-27 01:25:01,818 [1] INFO Concurs.Repository.UserDBRepository - ParticipationCountChild fount 1 children repository.
2023-03-27 01:25:01,818 [1] INFO Concurs.Repository.UserDBRepository - FindOne item a28b7e15-9551-4b66-ba28-fec6212014ab to the repository.
2023-03-27 01:25:01,823 [1] INFO Concurs.Repository.UserDBRepository - Added item 382962f1-5afe-4557-a332-43e8af50d02d to the repository.
2023-03-27 01:25:01,828 [1] INFO Concurs.Repository.UserDBRepository - FindOne item a28b7e15-9551-4b66-ba28-fec6212014ab to the repository.
2023-03-27 01:26:05,033 [1] INFO Concurs.Repository.UserDBRepository - FindOne item a28b7e15-9551-4b66-ba28-fec6212024ab to the repository.
2023-03-27 01:26:05,043 [1] INFO Concurs.Repository.UserDBRepository - Added item f1638303-1978-48b5-9d54-de9ca712a948 to the repository.
2023-03-27 01:26:05,081 [1] INFO Concurs.Repository.UserDBRepository - Found 9 items in the repository.
2023-03-27 01:26:05,085 [1] INFO Concurs.Repository.UserDBRepository - Found 9 items in the repository.
2023-03-27 01:27:05,110 [1] INFO Concurs.Repository.UserDBRepository - FindOne item a28b7e15-9551-4b66-ba28-fec6212024ab to the repository.
2023-03-27 01:27:05,118 [1] INFO Concurs.Repository.UserDBRepository - Added item 90085c18-9604-4ee3-bc9d-ce8010f2828b to the repository.
2023-03-27 01:27:05,144 [1] INFO Concurs.Repository.UserDBRepository - Found 9 items in the repository.
2023-03-27 01:27:05,146 [1] INFO Concurs.Repository.UserDBRepository - Found 9 items in the repository.
2023-03-27 01:27:29,295 [1] INFO Concurs.Repository.UserDBRepository - Added item d92ce908-4b27-4410-a045-9607b37c853e to the repository.
2023-03-27 01:27:29,303 [1] INFO Concurs.Repository.UserDBRepository - FindOne item a28b7e15-9551-4b66-ba28-fec6212014ab to the repository.
2023-03-27 01:27:29,307 [1] INFO Concurs.Repository.UserDBRepository - Added item 0912031e-48c2-4094-a597-412c67471d36 to the repository.
2023-03-27 01:27:29,313 [1] INFO Concurs.Repository.UserDBRepository - FindOne item a28b7e15-9551-4b66-ba28-fec6212014ab to the repository.
2023-03-27 01:28:53,791 [1] INFO Concurs.Repository.UserDBRepository - FindOne item a28b7e15-9551-4b66-ba28-fec6212024ab to the repository.
2023-03-27 01:28:53,799 [1] INFO Concurs.Repository.UserDBRepository - Added item 3d5bc60c-7f64-4a50-93c7-d2f49fcbc2b9 to the repository.
2023-03-27 01:28:53,827 [1] INFO Concurs.Repository.UserDBRepository - Found 9 items in the repository.
2023-03-27 01:28:53,830 [1] INFO Concurs.Repository.UserDBRepository - Found 9 items in the repository.
2023-03-27 01:29:02,325 [1] INFO Concurs.Repository.UserDBRepository - Added item a3ac0048-c4db-4d2b-8660-5a4423050fce to the repository.
2023-03-27 01:29:02,329 [1] INFO Concurs.Repository.UserDBRepository - FindOne item a28b7e15-9551-4b66-ba28-fec6212014ab to the repository.
2023-03-27 01:29:02,332 [1] INFO Concurs.Repository.UserDBRepository - Added item 4913650d-a4f8-4ae0-a014-b690f5de18b6 to the repository.
2023-03-27 01:29:02,336 [1] INFO Concurs.Repository.UserDBRepository - FindOne item a28b7e15-9551-4b66-ba28-fec6212014ab to the repository.
2023-03-27 01:29:02,345 [1] INFO Concurs.Repository.UserDBRepository - Update ite@@@@@@@@@@@@@@@@@@@@@@@@@@@m 1 from repository.
2023-03-27 01:29:52,621 [1] INFO Concurs.Repository.UserDBRepository - FindOne item a28b7e15-9551-4b66-ba28-fec6212024ab to the repository.
2023-03-27 01:29:52,627 [1] INFO Concurs.Repository.UserDBRepository - Added item f44a68ad-fb4e-4596-908a-9112016e92cc to the repository.
2023-03-27 01:29:52,660 [1] INFO Concurs.Repository.UserDBRepository - Found 9 items in the repository.
2023-03-27 01:29:52,663 [1] INFO Concurs.Repository.UserDBRepository - Found 9 items in the repository.
2023-03-27 01:31:19,905 [1] INFO Concurs.Repository.UserDBRepository - FindOne item a28b7e15-9551-4b66-ba28-fec6212024ab to the repository.
2023-03-27 01:31:19,914 [1] INFO Concurs.Repository.UserDBRepository - Added item 9290667d-e144-482a-833a-06c985faeda6 to the repository.
2023-03-27 01:31:19,957 [1] INFO Concurs.Repository.UserDBRepository - Found 9 items in the repository.
2023-03-27 01:31:19,959 [1] INFO Concurs.Repository.UserDBRepository - Found 9 items in the repository.
2023-03-27 01:31:34,956 [1] INFO Concurs.Repository.UserDBRepository - Added item 4eef8f7e-e07f-4bbc-a0f7-58b1d764cc25 to the repository.
2023-03-27 01:31:34,962 [1] INFO Concurs.Repository.UserDBRepository - FindOne item a28b7e15-9551-4b66-ba28-fec6212074ab to the repository.
2023-03-27 01:31:34,965 [1] INFO Concurs.Repository.UserDBRepository - Added item f9e0fbb9-4e30-4a88-9864-bf686c9c83d7 to the repository.
2023-03-27 01:31:34,971 [1] INFO Concurs.Repository.UserDBRepository - FindOne item a28b7e15-9551-4b66-ba28-fec6212074ab to the repository.
2023-03-27 01:31:34,974 [1] INFO Concurs.Repository.UserDBRepository - Update ite@@@@@@@@@@@@@@@@@@@@@@@@@@@m 3 from repository.
2023-03-27 01:31:34,979 [1] INFO Concurs.Repository.UserDBRepository - Found 9 items in the repository.
2023-03-27 01:31:42,496 [1] INFO Concurs.Repository.UserDBRepository - FindOne item 4eef8f7e-e07f-4bbc-a0f7-58b1d764cc25 to the repository.
2023-03-27 01:31:42,497 [1] INFO Concurs.Repository.UserDBRepository - ParticipationCountChild fount 1 children repository.
2023-03-27 01:31:42,497 [1] INFO Concurs.Repository.UserDBRepository - FindOne item a28b7e15-9551-4b66-ba28-fec6212014ab to the repository.
2023-03-27 01:31:42,506 [1] INFO Concurs.Repository.UserDBRepository - Added item e721f275-4bb4-4f7f-a30c-25c8928f02a3 to the repository.
2023-03-27 01:31:42,510 [1] INFO Concurs.Repository.UserDBRepository - FindOne item a28b7e15-9551-4b66-ba28-fec6212014ab to the repository.
2023-03-27 01:31:42,515 [1] INFO Concurs.Repository.UserDBRepository - Update ite@@@@@@@@@@@@@@@@@@@@@@@@@@@m 3 from repository.
2023-03-27 01:31:42,519 [1] INFO Concurs.Repository.UserDBRepository - Found 9 items in the repository.
2023-03-27 01:31:46,599 [1] INFO Concurs.Repository.UserDBRepository - FindOne item 4eef8f7e-e07f-4bbc-a0f7-58b1d764cc25 to the repository.
2023-03-27 01:31:46,599 [1] INFO Concurs.Repository.UserDBRepository - ParticipationCountChild fount 1 children repository.
2023-03-27 01:31:46,599 [1] INFO Concurs.Repository.UserDBRepository - FindOne item a28b7e15-9551-4b66-ba28-fec6212044ab to the repository.
2023-03-27 01:31:46,616 [1] INFO Concurs.Repository.UserDBRepository - Added item 67dd4ced-fab8-4880-86e9-6a67b75b834e to the repository.
2023-03-27 01:31:46,620 [1] INFO Concurs.Repository.UserDBRepository - FindOne item a28b7e15-9551-4b66-ba28-fec6212044ab to the repository.
2023-03-27 01:31:46,622 [1] INFO Concurs.Repository.UserDBRepository - Update ite@@@@@@@@@@@@@@@@@@@@@@@@@@@m 2 from repository.
2023-03-27 01:31:46,626 [1] INFO Concurs.Repository.UserDBRepository - Found 9 items in the repository.
2023-03-27 01:34:13,618 [1] INFO Concurs.Repository.UserDBRepository - FindOne item a28b7e15-9551-4b66-ba28-fec6212024ab to the repository.
2023-03-27 01:34:13,625 [1] INFO Concurs.Repository.UserDBRepository - Added item e56a7aad-c699-4d5f-b04a-fbd62edfe7a6 to the repository.
2023-03-27 01:34:13,658 [1] INFO Concurs.Repository.UserDBRepository - Found 9 items in the repository.
2023-03-27 01:34:13,660 [1] INFO Concurs.Repository.UserDBRepository - Found 9 items in the repository.
2023-03-27 01:34:35,463 [1] INFO Concurs.Repository.UserDBRepository - FindOne item 4eef8f7e-e07f-4bbc-a0f7-58b1d764cc25 to the repository.
2023-03-27 01:35:24,168 [1] INFO Concurs.Repository.UserDBRepository - ParticipationCountChild fount 1 children repository.
2023-03-27 01:36:01,695 [1] INFO Concurs.Repository.UserDBRepository - FindOne item a28b7e15-9551-4b66-ba28-fec6212024ab to the repository.
2023-03-27 01:36:01,702 [1] INFO Concurs.Repository.UserDBRepository - Added item a0d8f9b2-db2a-43a2-97d0-7fc0008293a5 to the repository.
2023-03-27 01:36:01,736 [1] INFO Concurs.Repository.UserDBRepository - Found 9 items in the repository.
2023-03-27 01:36:01,740 [1] INFO Concurs.Repository.UserDBRepository - Found 9 items in the repository.
2023-03-27 01:36:10,678 [1] INFO Concurs.Repository.UserDBRepository - FindOne item 4eef8f7e-e07f-4bbc-a0f7-58b1d764cc25 to the repository.
2023-03-27 01:36:15,598 [1] INFO Concurs.Repository.UserDBRepository - ParticipationCountChild fount 3 children repository.
2023-03-27 01:36:26,802 [1] INFO Concurs.Repository.UserDBRepository - FindOne item a28b7e15-9551-4b66-ba28-fec6212024ab to the repository.
2023-03-27 01:36:26,813 [1] INFO Concurs.Repository.UserDBRepository - Added item a819f9af-53a4-4417-9997-3e30191cad4b to the repository.
2023-03-27 01:36:26,847 [1] INFO Concurs.Repository.UserDBRepository - Found 9 items in the repository.
2023-03-27 01:36:26,848 [1] INFO Concurs.Repository.UserDBRepository - Found 9 items in the repository.
2023-03-27 01:37:12,854 [1] INFO Concurs.Repository.UserDBRepository - FindOne item a28b7e15-9551-4b66-ba28-fec6212024ab to the repository.
2023-03-27 01:37:12,860 [1] INFO Concurs.Repository.UserDBRepository - Added item 16f5fa24-704a-49b5-a60f-23b719289fa0 to the repository.
2023-03-27 01:37:12,898 [1] INFO Concurs.Repository.UserDBRepository - Found 9 items in the repository.
2023-03-27 01:37:12,901 [1] INFO Concurs.Repository.UserDBRepository - Found 9 items in the repository.
2023-03-27 01:37:29,429 [1] INFO Concurs.Repository.UserDBRepository - FindOne item a28b7e15-9551-4b66-ba28-fec6212024ab to the repository.
2023-03-27 01:37:29,436 [1] INFO Concurs.Repository.UserDBRepository - Added item 510032e9-eb76-43ad-a30f-0ca531247b54 to the repository.
2023-03-27 01:37:29,465 [1] INFO Concurs.Repository.UserDBRepository - Found 9 items in the repository.
2023-03-27 01:37:29,467 [1] INFO Concurs.Repository.UserDBRepository - Found 9 items in the repository.
2023-03-27 01:38:03,895 [1] INFO Concurs.Repository.UserDBRepository - FindOne item a28b7e15-9551-4b66-ba28-fec6212024ab to the repository.
2023-03-27 01:38:03,903 [1] INFO Concurs.Repository.UserDBRepository - Added item acb8484b-7af7-4db4-a499-841a55f8cada to the repository.
2023-03-27 01:38:03,941 [1] INFO Concurs.Repository.UserDBRepository - Found 9 items in the repository.
2023-03-27 01:38:03,943 [1] INFO Concurs.Repository.UserDBRepository - Found 9 items in the repository.
2023-03-27 01:38:18,331 [1] INFO Concurs.Repository.UserDBRepository - FindOne item 4eef8f7e-e07f-4bbc-a0f7-58b1d764cc25 to the repository.
2023-03-27 01:39:02,107 [1] INFO Concurs.Repository.UserDBRepository - FindOne item a28b7e15-9551-4b66-ba28-fec6212024ab to the repository.
2023-03-27 01:39:02,116 [1] INFO Concurs.Repository.UserDBRepository - Added item 38fcbff0-ee1b-4c7e-b9e1-6956e8b38a1c to the repository.
2023-03-27 01:39:02,146 [1] INFO Concurs.Repository.UserDBRepository - Found 9 items in the repository.
2023-03-27 01:39:02,148 [1] INFO Concurs.Repository.UserDBRepository - Found 9 items in the repository.
2023-03-27 01:39:10,581 [1] INFO Concurs.Repository.UserDBRepository - FindOne item 4eef8f7e-e07f-4bbc-a0f7-58b1d764cc25 to the repository.
2023-03-27 01:39:10,581 [1] INFO Concurs.Repository.UserDBRepository - ParticipationCountChild fount 3 children repository.
2023-03-27 01:39:10,582 [1] INFO Concurs.Repository.UserDBRepository - FindOne item a28b7e15-9551-4b66-ba28-fec6212074ab to the repository.
2023-03-27 01:39:30,550 [1] INFO Concurs.Repository.UserDBRepository - Added item e9fa84ca-26f4-456e-81b3-4c2cf61d8025 to the repository.
2023-03-27 01:39:30,579 [1] INFO Concurs.Repository.UserDBRepository - FindOne item a28b7e15-9551-4b66-ba28-fec6212074ab to the repository.
2023-03-27 01:39:30,584 [1] INFO Concurs.Repository.UserDBRepository - Update ite@@@@@@@@@@@@@@@@@@@@@@@@@@@m 4 from repository.
2023-03-27 01:39:30,614 [1] INFO Concurs.Repository.UserDBRepository - Found 9 items in the repository.
2023-03-27 01:39:30,652 [1] INFO Concurs.Repository.UserDBRepository - FindOne item 4eef8f7e-e07f-4bbc-a0f7-58b1d764cc25 to the repository.
2023-03-27 01:39:30,652 [1] INFO Concurs.Repository.UserDBRepository - ParticipationCountChild fount 3 children repository.
2023-03-27 01:39:30,653 [1] INFO Concurs.Repository.UserDBRepository - FindOne item a28b7e15-9551-4b66-ba28-fec6212074ab to the repository.
2023-03-27 01:39:30,655 [1] INFO Concurs.Repository.UserDBRepository - Added item fb3bf956-5ffe-41c0-bfe1-3c9236569eda to the repository.
2023-03-27 01:39:30,661 [1] INFO Concurs.Repository.UserDBRepository - FindOne item a28b7e15-9551-4b66-ba28-fec6212074ab to the repository.
2023-03-27 01:39:30,663 [1] INFO Concurs.Repository.UserDBRepository - Update ite@@@@@@@@@@@@@@@@@@@@@@@@@@@m 5 from repository.
2023-03-27 01:39:30,669 [1] INFO Concurs.Repository.UserDBRepository - Found 9 items in the repository.
2023-03-27 01:39:30,672 [1] INFO Concurs.Repository.UserDBRepository - FindOne item 4eef8f7e-e07f-4bbc-a0f7-58b1d764cc25 to the repository.
2023-03-27 01:39:30,672 [1] INFO Concurs.Repository.UserDBRepository - ParticipationCountChild fount 4 children repository.
2023-03-27 01:39:30,672 [1] INFO Concurs.Repository.UserDBRepository - FindOne item a28b7e15-9551-4b66-ba28-fec6212074ab to the repository.
2023-03-27 01:39:30,674 [1] INFO Concurs.Repository.UserDBRepository - Added item ab0683fa-7544-4931-85f8-f2b452fbb3c9 to the repository.
2023-03-27 01:39:30,680 [1] INFO Concurs.Repository.UserDBRepository - FindOne item a28b7e15-9551-4b66-ba28-fec6212074ab to the repository.
2023-03-27 01:39:30,681 [1] INFO Concurs.Repository.UserDBRepository - Update ite@@@@@@@@@@@@@@@@@@@@@@@@@@@m 6 from repository.
2023-03-27 01:39:30,685 [1] INFO Concurs.Repository.UserDBRepository - Found 9 items in the repository.
2023-03-27 01:39:30,688 [1] INFO Concurs.Repository.UserDBRepository - FindOne item 4eef8f7e-e07f-4bbc-a0f7-58b1d764cc25 to the repository.
2023-03-27 01:39:30,688 [1] INFO Concurs.Repository.UserDBRepository - ParticipationCountChild fount 5 children repository.
2023-03-27 01:39:30,688 [1] INFO Concurs.Repository.UserDBRepository - FindOne item a28b7e15-9551-4b66-ba28-fec6212074ab to the repository.
2023-03-27 01:39:30,693 [1] INFO Concurs.Repository.UserDBRepository - Added item c381f061-8b97-4ae3-b4c8-facd58f1e70c to the repository.
2023-03-27 01:39:30,697 [1] INFO Concurs.Repository.UserDBRepository - FindOne item a28b7e15-9551-4b66-ba28-fec6212074ab to the repository.
2023-03-27 01:39:30,700 [1] INFO Concurs.Repository.UserDBRepository - Update ite@@@@@@@@@@@@@@@@@@@@@@@@@@@m 7 from repository.
2023-03-27 01:39:30,704 [1] INFO Concurs.Repository.UserDBRepository - Found 9 items in the repository.
2023-03-27 01:39:30,708 [1] INFO Concurs.Repository.UserDBRepository - FindOne item 4eef8f7e-e07f-4bbc-a0f7-58b1d764cc25 to the repository.
2023-03-27 01:39:30,708 [1] INFO Concurs.Repository.UserDBRepository - ParticipationCountChild fount 6 children repository.
2023-03-27 01:39:30,709 [1] INFO Concurs.Repository.UserDBRepository - FindOne item a28b7e15-9551-4b66-ba28-fec6212074ab to the repository.
2023-03-27 01:39:30,712 [1] INFO Concurs.Repository.UserDBRepository - Added item e8880ff2-fd74-481e-9378-8388fa8e2a54 to the repository.
2023-03-27 01:39:30,716 [1] INFO Concurs.Repository.UserDBRepository - FindOne item a28b7e15-9551-4b66-ba28-fec6212074ab to the repository.
2023-03-27 01:39:30,718 [1] INFO Concurs.Repository.UserDBRepository - Update ite@@@@@@@@@@@@@@@@@@@@@@@@@@@m 8 from repository.
2023-03-27 01:39:30,721 [1] INFO Concurs.Repository.UserDBRepository - Found 9 items in the repository.
2023-03-27 01:39:30,724 [1] INFO Concurs.Repository.UserDBRepository - FindOne item 4eef8f7e-e07f-4bbc-a0f7-58b1d764cc25 to the repository.
2023-03-27 01:39:30,725 [1] INFO Concurs.Repository.UserDBRepository - ParticipationCountChild fount 7 children repository.
2023-03-27 01:39:30,725 [1] INFO Concurs.Repository.UserDBRepository - FindOne item a28b7e15-9551-4b66-ba28-fec6212074ab to the repository.
2023-03-27 01:39:30,728 [1] INFO Concurs.Repository.UserDBRepository - Added item 5a25cfcb-25ff-48a2-82ff-20f806d5efbe to the repository.
2023-03-27 01:39:30,731 [1] INFO Concurs.Repository.UserDBRepository - FindOne item a28b7e15-9551-4b66-ba28-fec6212074ab to the repository.
2023-03-27 01:39:30,733 [1] INFO Concurs.Repository.UserDBRepository - Update ite@@@@@@@@@@@@@@@@@@@@@@@@@@@m 9 from repository.
2023-03-27 01:39:30,737 [1] INFO Concurs.Repository.UserDBRepository - Found 9 items in the repository.
2023-03-27 01:39:30,744 [1] INFO Concurs.Repository.UserDBRepository - FindOne item 4eef8f7e-e07f-4bbc-a0f7-58b1d764cc25 to the repository.
2023-03-27 01:39:30,744 [1] INFO Concurs.Repository.UserDBRepository - ParticipationCountChild fount 8 children repository.
2023-03-27 01:39:30,745 [1] INFO Concurs.Repository.UserDBRepository - FindOne item a28b7e15-9551-4b66-ba28-fec6212074ab to the repository.
2023-03-27 01:39:30,747 [1] INFO Concurs.Repository.UserDBRepository - Added item 0c6c6638-e451-4fd2-abc7-0fe64c40f2a5 to the repository.
2023-03-27 01:39:30,751 [1] INFO Concurs.Repository.UserDBRepository - FindOne item a28b7e15-9551-4b66-ba28-fec6212074ab to the repository.
2023-03-27 01:39:30,753 [1] INFO Concurs.Repository.UserDBRepository - Update ite@@@@@@@@@@@@@@@@@@@@@@@@@@@m 10 from repository.
2023-03-27 01:39:30,758 [1] INFO Concurs.Repository.UserDBRepository - Found 9 items in the repository.
2023-03-27 01:40:57,720 [1] INFO Concurs.Repository.UserDBRepository - FindOne item a28b7e15-9551-4b66-ba28-fec6212024ab to the repository.
2023-03-27 01:40:57,728 [1] INFO Concurs.Repository.UserDBRepository - Added item 82a39194-1d63-44ae-90e2-14c855a04734 to the repository.
2023-03-27 01:40:57,771 [1] INFO Concurs.Repository.UserDBRepository - Found 9 items in the repository.
2023-03-27 01:40:57,773 [1] INFO Concurs.Repository.UserDBRepository - Found 9 items in the repository.
2023-03-27 01:41:29,385 [1] INFO Concurs.Repository.UserDBRepository - FindOne item a28b7e15-9551-4b66-ba28-fec6212024ab to the repository.
2023-03-27 01:41:29,393 [1] INFO Concurs.Repository.UserDBRepository - Added item debb7c32-9205-41cb-ba78-aaaa49cc472b to the repository.
2023-03-27 01:41:29,425 [1] INFO Concurs.Repository.UserDBRepository - Found 9 items in the repository.
2023-03-27 01:41:29,427 [1] INFO Concurs.Repository.UserDBRepository - Found 9 items in the repository.
2023-03-27 01:42:59,471 [1] INFO Concurs.Repository.UserDBRepository - FindOne item a28b7e15-9551-4b66-ba28-fec6212024ab to the repository.
2023-03-27 01:42:59,481 [1] INFO Concurs.Repository.UserDBRepository - Added item fe194add-36c6-4ab2-a564-c4944840dfd3 to the repository.
2023-03-27 01:42:59,528 [1] INFO Concurs.Repository.UserDBRepository - Found 9 items in the repository.
2023-03-27 01:42:59,531 [1] INFO Concurs.Repository.UserDBRepository - Found 9 items in the repository.
2023-03-27 01:44:14,548 [1] INFO Concurs.Repository.UserDBRepository - FindOne item a28b7e15-9551-4b66-ba28-fec6212024ab to the repository.
2023-03-27 01:44:14,556 [1] INFO Concurs.Repository.UserDBRepository - Added item b526fad9-8e2e-4263-9389-a6ea5069a4a0 to the repository.
2023-03-27 01:44:14,580 [1] INFO Concurs.Repository.UserDBRepository - Found 9 items in the repository.
2023-03-27 01:44:14,582 [1] INFO Concurs.Repository.UserDBRepository - Found 9 items in the repository.
2023-03-27 01:44:23,054 [1] INFO Concurs.Repository.UserDBRepository - Added item 0e3b24b3-81fe-4f49-8807-e72a489d3358 to the repository.
2023-03-27 01:44:23,058 [1] INFO Concurs.Repository.UserDBRepository - FindOne item a28b7e15-9551-4b66-ba28-fec6212074ab to the repository.
2023-03-27 01:44:23,061 [1] INFO Concurs.Repository.UserDBRepository - Added item 6962ea5f-b36f-4b36-ba6a-842c280c6508 to the repository.
2023-03-27 01:44:23,065 [1] INFO Concurs.Repository.UserDBRepository - FindOne item a28b7e15-9551-4b66-ba28-fec6212074ab to the repository.
2023-03-27 01:44:23,084 [1] INFO Concurs.Repository.UserDBRepository - Update ite@@@@@@@@@@@@@@@@@@@@@@@@@@@m 4 from repository.
2023-03-27 01:44:23,089 [1] INFO Concurs.Repository.UserDBRepository - Found 9 items in the repository.
2023-03-27 01:44:26,466 [1] INFO Concurs.Repository.UserDBRepository - FindOne item 0e3b24b3-81fe-4f49-8807-e72a489d3358 to the repository.
2023-03-27 01:44:26,467 [1] INFO Concurs.Repository.UserDBRepository - ParticipationCountChild fount 1 children repository.
2023-03-27 01:44:26,467 [1] INFO Concurs.Repository.UserDBRepository - FindOne item a28b7e15-9551-4b66-ba28-fec6212014ab to the repository.
2023-03-27 01:44:26,475 [1] INFO Concurs.Repository.UserDBRepository - Added item 0a64bb2d-0db4-45e7-b189-59fef84b5f09 to the repository.
2023-03-27 01:44:26,479 [1] INFO Concurs.Repository.UserDBRepository - FindOne item a28b7e15-9551-4b66-ba28-fec6212014ab to the repository.
2023-03-27 01:44:26,486 [1] INFO Concurs.Repository.UserDBRepository - Update ite@@@@@@@@@@@@@@@@@@@@@@@@@@@m 4 from repository.
2023-03-27 01:44:26,490 [1] INFO Concurs.Repository.UserDBRepository - Found 9 items in the repository.
2023-03-27 01:44:29,324 [1] INFO Concurs.Repository.UserDBRepository - FindOne item 0e3b24b3-81fe-4f49-8807-e72a489d3358 to the repository.
2023-03-27 01:44:29,325 [1] INFO Concurs.Repository.UserDBRepository - ParticipationCountChild fount 2 children repository.
2023-03-27 01:44:29,330 [1] INFO Concurs.Repository.UserDBRepository - Found 9 items in the repository.
2023-03-27 01:54:31,096 [1] INFO Concurs.Repository.UserDBRepository - FindOne item a28b7e15-9551-4b66-ba28-fec6212024ab to the repository.
2023-03-27 01:54:31,118 [1] INFO Concurs.Repository.UserDBRepository - Added item 7a3a7bcc-ff3c-46ff-b290-6a6c17be29ad to the repository.
2023-03-27 01:54:31,203 [1] INFO Concurs.Repository.UserDBRepository - Found 9 items in the repository.
2023-03-27 01:54:31,210 [1] INFO Concurs.Repository.UserDBRepository - Found 9 items in the repository.
2023-03-27 02:00:22,133 [1] INFO Concurs.Repository.UserDBRepository - FindOne item a28b7e15-9551-4b66-ba28-fec6212024ab to the repository.
2023-03-27 02:00:22,154 [1] INFO Concurs.Repository.UserDBRepository - Added item 386b9ea9-3de5-48d6-b89d-07ab901599d3 to the repository.
2023-03-27 02:00:22,239 [1] INFO Concurs.Repository.UserDBRepository - Found 9 items in the repository.
2023-03-27 02:00:22,247 [1] INFO Concurs.Repository.UserDBRepository - Found 9 items in the repository.
2023-03-27 02:00:26,302 [1] INFO Concurs.Repository.UserDBRepository - FindOne item 692d5a7c-cf31-4f74-93ef-0aec6e15ca6a to the repository.
2023-03-27 02:00:26,303 [1] INFO Concurs.Repository.UserDBRepository - FindOne item a28b7e15-9551-4b66-ba28-fec6212034ab to the repository.
2023-03-27 02:00:26,303 [1] INFO Concurs.Repository.UserDBRepository - FindOne item 692d5a7c-cf31-4f74-93ef-0aec6e15ca6a to the repository.
2023-03-27 02:00:26,304 [1] INFO Concurs.Repository.UserDBRepository - FindOne item a28b7e15-9551-4b66-ba28-fec6212094ab to the repository.
2023-03-27 02:00:26,304 [1] INFO Concurs.Repository.UserDBRepository - FindOne item f66621aa-1878-457f-a4f4-3f27faa429a4 to the repository.
2023-03-27 02:00:26,304 [1] INFO Concurs.Repository.UserDBRepository - FindOne item a28b7e15-9551-4b66-ba28-fec6212044ab to the repository.
2023-03-27 02:00:26,305 [1] INFO Concurs.Repository.UserDBRepository - FindOne item f66621aa-1878-457f-a4f4-3f27faa429a4 to the repository.
2023-03-27 02:00:26,305 [1] INFO Concurs.Repository.UserDBRepository - FindOne item a28b7e15-9551-4b66-ba28-fec6212074ab to the repository.
2023-03-27 02:00:26,305 [1] INFO Concurs.Repository.UserDBRepository - FindOne item 293341ea-e725-4c04-a603-483666125b2f to the repository.
2023-03-27 02:00:26,306 [1] INFO Concurs.Repository.UserDBRepository - FindOne item a28b7e15-9551-4b66-ba28-fec6212024ab to the repository.
2023-03-27 02:00:26,306 [1] INFO Concurs.Repository.UserDBRepository - FindOne item a7364559-c698-46dd-ba91-c18e27c021d6 to the repository.
2023-03-27 02:00:26,307 [1] INFO Concurs.Repository.UserDBRepository - FindOne item a28b7e15-9551-4b66-ba28-fec6212074ab to the repository.
2023-03-27 02:00:26,307 [1] INFO Concurs.Repository.UserDBRepository - FindOne item 90ffd6af-21bc-4464-85cb-4433afd7d8b2 to the repository.
2023-03-27 02:00:26,308 [1] INFO Concurs.Repository.UserDBRepository - FindOne item a28b7e15-9551-4b66-ba28-fec6212064ab to the repository.
2023-03-27 02:00:26,308 [1] INFO Concurs.Repository.UserDBRepository - FindOne item 90ffd6af-21bc-4464-85cb-4433afd7d8b2 to the repository.
2023-03-27 02:00:26,308 [1] INFO Concurs.Repository.UserDBRepository - FindOne item a28b7e15-9551-4b66-ba28-fec6212094ab to the repository.
2023-03-27 02:00:26,309 [1] INFO Concurs.Repository.UserDBRepository - FindOne item b9234465-caae-4b05-8137-2de4af9363ec to the repository.
2023-03-27 02:00:26,309 [1] INFO Concurs.Repository.UserDBRepository - FindOne item a28b7e15-9551-4b66-ba28-fec6212024ab to the repository.
2023-03-27 02:00:26,310 [1] INFO Concurs.Repository.UserDBRepository - FindOne item 8a54d5a7-a0f8-4fa8-b73f-33ea26e8217f to the repository.
2023-03-27 02:00:26,310 [1] INFO Concurs.Repository.UserDBRepository - FindOne item a28b7e15-9551-4b66-ba28-fec6212084ab to the repository.
2023-03-27 02:00:26,310 [1] INFO Concurs.Repository.UserDBRepository - FindOne item 8a54d5a7-a0f8-4fa8-b73f-33ea26e8217f to the repository.
2023-03-27 02:00:26,311 [1] INFO Concurs.Repository.UserDBRepository - FindOne item a28b7e15-9551-4b66-ba28-fec6212024ab to the repository.
2023-03-27 02:00:26,311 [1] INFO Concurs.Repository.UserDBRepository - FindOne item d92ce908-4b27-4410-a045-9607b37c853e to the repository.
2023-03-27 02:00:26,311 [1] INFO Concurs.Repository.UserDBRepository - FindOne item a28b7e15-9551-4b66-ba28-fec6212014ab to the repository.
2023-03-27 02:00:26,312 [1] INFO Concurs.Repository.UserDBRepository - FindOne item a3ac0048-c4db-4d2b-8660-5a4423050fce to the repository.
2023-03-27 02:00:26,312 [1] INFO Concurs.Repository.UserDBRepository - FindOne item a28b7e15-9551-4b66-ba28-fec6212014ab to the repository.
2023-03-27 02:00:26,312 [1] INFO Concurs.Repository.UserDBRepository - FindOne item 4eef8f7e-e07f-4bbc-a0f7-58b1d764cc25 to the repository.
2023-03-27 02:00:26,313 [1] INFO Concurs.Repository.UserDBRepository - FindOne item a28b7e15-9551-4b66-ba28-fec6212074ab to the repository.
2023-03-27 02:00:26,313 [1] INFO Concurs.Repository.UserDBRepository - FindOne item 4eef8f7e-e07f-4bbc-a0f7-58b1d764cc25 to the repository.
2023-03-27 02:00:26,313 [1] INFO Concurs.Repository.UserDBRepository - FindOne item a28b7e15-9551-4b66-ba28-fec6212014ab to the repository.
2023-03-27 02:00:26,314 [1] INFO Concurs.Repository.UserDBRepository - FindOne item 0e3b24b3-81fe-4f49-8807-e72a489d3358 to the repository.
2023-03-27 02:00:26,314 [1] INFO Concurs.Repository.UserDBRepository - FindOne item a28b7e15-9551-4b66-ba28-fec6212074ab to the repository.
2023-03-27 02:00:26,314 [1] INFO Concurs.Repository.UserDBRepository - FindOne item 0e3b24b3-81fe-4f49-8807-e72a489d3358 to the repository.
2023-03-27 02:00:26,314 [1] INFO Concurs.Repository.UserDBRepository - FindOne item a28b7e15-9551-4b66-ba28-fec6212014ab to the repository.
2023-03-27 02:00:26,315 [1] INFO Concurs.Repository.UserDBRepository - Found 17 items in the repository.
2023-03-27 02:00:35,011 [1] INFO Concurs.Repository.UserDBRepository - FindOne item 692d5a7c-cf31-4f74-93ef-0aec6e15ca6a to the repository.
2023-03-27 02:00:35,012 [1] INFO Concurs.Repository.UserDBRepository - FindOne item a28b7e15-9551-4b66-ba28-fec6212034ab to the repository.
2023-03-27 02:00:35,012 [1] INFO Concurs.Repository.UserDBRepository - FindOne item 692d5a7c-cf31-4f74-93ef-0aec6e15ca6a to the repository.
2023-03-27 02:00:35,013 [1] INFO Concurs.Repository.UserDBRepository - FindOne item a28b7e15-9551-4b66-ba28-fec6212094ab to the repository.
2023-03-27 02:00:35,013 [1] INFO Concurs.Repository.UserDBRepository - FindOne item f66621aa-1878-457f-a4f4-3f27faa429a4 to the repository.
2023-03-27 02:00:35,013 [1] INFO Concurs.Repository.UserDBRepository - FindOne item a28b7e15-9551-4b66-ba28-fec6212044ab to the repository.
2023-03-27 02:00:35,014 [1] INFO Concurs.Repository.UserDBRepository - FindOne item f66621aa-1878-457f-a4f4-3f27faa429a4 to the repository.
2023-03-27 02:00:35,014 [1] INFO Concurs.Repository.UserDBRepository - FindOne item a28b7e15-9551-4b66-ba28-fec6212074ab to the repository.
2023-03-27 02:00:35,014 [1] INFO Concurs.Repository.UserDBRepository - FindOne item 293341ea-e725-4c04-a603-483666125b2f to the repository.
2023-03-27 02:00:35,015 [1] INFO Concurs.Repository.UserDBRepository - FindOne item a28b7e15-9551-4b66-ba28-fec6212024ab to the repository.
2023-03-27 02:00:35,015 [1] INFO Concurs.Repository.UserDBRepository - FindOne item a7364559-c698-46dd-ba91-c18e27c021d6 to the repository.
2023-03-27 02:00:35,015 [1] INFO Concurs.Repository.UserDBRepository - FindOne item a28b7e15-9551-4b66-ba28-fec6212074ab to the repository.
2023-03-27 02:00:35,016 [1] INFO Concurs.Repository.UserDBRepository - FindOne item 90ffd6af-21bc-4464-85cb-4433afd7d8b2 to the repository.
2023-03-27 02:00:35,016 [1] INFO Concurs.Repository.UserDBRepository - FindOne item a28b7e15-9551-4b66-ba28-fec6212064ab to the repository.
2023-03-27 02:00:35,016 [1] INFO Concurs.Repository.UserDBRepository - FindOne item 90ffd6af-21bc-4464-85cb-4433afd7d8b2 to the repository.
2023-03-27 02:00:35,017 [1] INFO Concurs.Repository.UserDBRepository - FindOne item a28b7e15-9551-4b66-ba28-fec6212094ab to the repository.
2023-03-27 02:00:35,017 [1] INFO Concurs.Repository.UserDBRepository - FindOne item b9234465-caae-4b05-8137-2de4af9363ec to the repository.
2023-03-27 02:00:35,017 [1] INFO Concurs.Repository.UserDBRepository - FindOne item a28b7e15-9551-4b66-ba28-fec6212024ab to the repository.
2023-03-27 02:00:35,018 [1] INFO Concurs.Repository.UserDBRepository - FindOne item 8a54d5a7-a0f8-4fa8-b73f-33ea26e8217f to the repository.
2023-03-27 02:00:35,018 [1] INFO Concurs.Repository.UserDBRepository - FindOne item a28b7e15-9551-4b66-ba28-fec6212084ab to the repository.
2023-03-27 02:00:35,018 [1] INFO Concurs.Repository.UserDBRepository - FindOne item 8a54d5a7-a0f8-4fa8-b73f-33ea26e8217f to the repository.
2023-03-27 02:00:35,019 [1] INFO Concurs.Repository.UserDBRepository - FindOne item a28b7e15-9551-4b66-ba28-fec6212024ab to the repository.
2023-03-27 02:00:35,019 [1] INFO Concurs.Repository.UserDBRepository - FindOne item d92ce908-4b27-4410-a045-9607b37c853e to the repository.
2023-03-27 02:00:35,019 [1] INFO Concurs.Repository.UserDBRepository - FindOne item a28b7e15-9551-4b66-ba28-fec6212014ab to the repository.
2023-03-27 02:00:35,020 [1] INFO Concurs.Repository.UserDBRepository - FindOne item a3ac0048-c4db-4d2b-8660-5a4423050fce to the repository.
2023-03-27 02:00:35,020 [1] INFO Concurs.Repository.UserDBRepository - FindOne item a28b7e15-9551-4b66-ba28-fec6212014ab to the repository.
2023-03-27 02:00:35,020 [1] INFO Concurs.Repository.UserDBRepository - FindOne item 4eef8f7e-e07f-4bbc-a0f7-58b1d764cc25 to the repository.
2023-03-27 02:00:35,021 [1] INFO Concurs.Repository.UserDBRepository - FindOne item a28b7e15-9551-4b66-ba28-fec6212074ab to the repository.
2023-03-27 02:00:35,021 [1] INFO Concurs.Repository.UserDBRepository - FindOne item 4eef8f7e-e07f-4bbc-a0f7-58b1d764cc25 to the repository.
2023-03-27 02:00:35,022 [1] INFO Concurs.Repository.UserDBRepository - FindOne item a28b7e15-9551-4b66-ba28-fec6212014ab to the repository.
2023-03-27 02:00:35,022 [1] INFO Concurs.Repository.UserDBRepository - FindOne item 0e3b24b3-81fe-4f49-8807-e72a489d3358 to the repository.
2023-03-27 02:00:35,022 [1] INFO Concurs.Repository.UserDBRepository - FindOne item a28b7e15-9551-4b66-ba28-fec6212074ab to the repository.
2023-03-27 02:00:35,022 [1] INFO Concurs.Repository.UserDBRepository - FindOne item 0e3b24b3-81fe-4f49-8807-e72a489d3358 to the repository.
2023-03-27 02:00:35,023 [1] INFO Concurs.Repository.UserDBRepository - FindOne item a28b7e15-9551-4b66-ba28-fec6212014ab to the repository.
2023-03-27 02:00:35,023 [1] INFO Concurs.Repository.UserDBRepository - Found 17 items in the repository.
